
2024-04-01 22:23:55,158 ERROR Horse: Name is blank
2024-04-01 22:23:55,169 ERROR Horse: Name is blank
2024-04-01 22:23:55,173 ERROR Horse: Distance is negative
2024-04-01 22:23:56,162 DEBUG Horse: Создание Horse, имя [Horse], скорость [30.0]
2024-04-01 22:23:56,193 DEBUG Horse: Создание Horse, имя [Horse], скорость [30.0]
2024-04-01 22:23:56,197 DEBUG Horse: Создание Horse, имя [Horse], скорость [30.0]
2024-04-01 22:23:56,200 ERROR Horse: Name is null
2024-04-01 22:23:56,203 DEBUG Horse: Создание Horse, имя [Horse], скорость [30.0]
2024-04-01 22:23:56,207 ERROR Horse: Speed is negative
2024-04-01 22:23:56,209 DEBUG Horse: Создание Horse, имя [Horse], скорость [30.0]
2024-04-01 22:23:56,221 DEBUG Horse: Создание Horse, имя [Horse], скорость [30.0]
2024-04-01 22:23:56,226 DEBUG Horse: Создание Horse, имя [1], скорость [1.0]
2024-04-01 22:23:56,226 DEBUG Horse: Создание Horse, имя [2], скорость [2.0]
2024-04-01 22:23:56,226 DEBUG Horse: Создание Horse, имя [3], скорость [3.0]
2024-04-01 22:23:56,226 DEBUG Horse: Создание Horse, имя [4], скорость [4.0]
2024-04-01 22:23:56,227 DEBUG Horse: Создание Horse, имя [5], скорость [5.0]
2024-04-01 22:23:56,227 DEBUG Horse: Создание Horse, имя [6], скорость [6.0]
2024-04-01 22:23:56,227 DEBUG Horse: Создание Horse, имя [7], скорость [7.0]
2024-04-01 22:23:56,227 DEBUG Horse: Создание Horse, имя [8], скорость [8.0]
2024-04-01 22:23:56,227 DEBUG Horse: Создание Horse, имя [9], скорость [9.0]
2024-04-01 22:23:56,227 DEBUG Horse: Создание Horse, имя [10], скорость [10.0]
2024-04-01 22:23:56,228 DEBUG Horse: Создание Horse, имя [11], скорость [11.0]
2024-04-01 22:23:56,228 DEBUG Horse: Создание Horse, имя [12], скорость [12.0]
2024-04-01 22:23:56,228 DEBUG Horse: Создание Horse, имя [13], скорость [13.0]
2024-04-01 22:23:56,228 DEBUG Horse: Создание Horse, имя [14], скорость [14.0]
2024-04-01 22:23:56,228 DEBUG Horse: Создание Horse, имя [15], скорость [15.0]
2024-04-01 22:23:56,229 DEBUG Horse: Создание Horse, имя [16], скорость [16.0]
2024-04-01 22:23:56,229 DEBUG Horse: Создание Horse, имя [17], скорость [17.0]
2024-04-01 22:23:56,229 DEBUG Horse: Создание Horse, имя [18], скорость [18.0]
2024-04-01 22:23:56,230 DEBUG Horse: Создание Horse, имя [19], скорость [19.0]
2024-04-01 22:23:56,230 DEBUG Horse: Создание Horse, имя [20], скорость [20.0]
2024-04-01 22:23:56,230 DEBUG Horse: Создание Horse, имя [21], скорость [21.0]
2024-04-01 22:23:56,230 DEBUG Horse: Создание Horse, имя [22], скорость [22.0]
2024-04-01 22:23:56,230 DEBUG Horse: Создание Horse, имя [23], скорость [23.0]
2024-04-01 22:23:56,230 DEBUG Horse: Создание Horse, имя [24], скорость [24.0]
2024-04-01 22:23:56,231 DEBUG Horse: Создание Horse, имя [25], скорость [25.0]
2024-04-01 22:23:56,231 DEBUG Horse: Создание Horse, имя [26], скорость [26.0]
2024-04-01 22:23:56,231 DEBUG Horse: Создание Horse, имя [27], скорость [27.0]
2024-04-01 22:23:56,231 DEBUG Horse: Создание Horse, имя [28], скорость [28.0]
2024-04-01 22:23:56,231 DEBUG Horse: Создание Horse, имя [29], скорость [29.0]
2024-04-01 22:23:56,232 DEBUG Hippodrome: Создание Hippodrome, лошадей [29]
2024-04-01 22:23:56,236 DEBUG Horse: Создание Horse, имя [Horse1], скорость [1.0]
2024-04-01 22:23:56,236 DEBUG Horse: Создание Horse, имя [Horse2], скорость [1.0]
2024-04-01 22:23:56,236 DEBUG Horse: Создание Horse, имя [Horse3], скорость [1.0]
2024-04-01 22:23:56,236 DEBUG Hippodrome: Создание Hippodrome, лошадей [3]
2024-04-01 22:23:56,242 ERROR Hippodrome: Horses list is null
2024-04-01 22:23:56,300 DEBUG Hippodrome: Создание Hippodrome, лошадей [49]
2024-04-01 22:23:56,330 ERROR Hippodrome: Horses list is empty
